<?xml version="1.0" encoding="UTF-8"?>
<robot generator="Robot 7.3.1 (Python 3.11.9 on win32)" generated="2025-07-01T16:32:00.789722" rpa="false" schemaversion="5">
<suite id="s1" name="inlineExample" source="C:\Users\USER\robort-framework\robot-framework-testautomationu-2022\010-Variables\inlineExample.robot">
<test id="s1-t1" name="Using Variables" line="5">
<kw name="Log To Console" owner="BuiltIn">
<arg>My name is Paul. My favorite color is teal. My favorite NFL team is the Jaguars.</arg>
<doc>Logs the given message to the console.</doc>
<status status="PASS" start="2025-07-01T16:32:00.835889" elapsed="0.001122"/>
</kw>
<kw name="Set Variable" owner="BuiltIn">
<msg time="2025-07-01T16:32:00.837573" level="INFO">${name} = Paul</msg>
<var>${name}</var>
<arg>Paul</arg>
<doc>Returns the given values which can then be assigned to a variables.</doc>
<status status="PASS" start="2025-07-01T16:32:00.837573" elapsed="0.000000"/>
</kw>
<kw name="Set Variable" owner="BuiltIn">
<msg time="2025-07-01T16:32:00.838215" level="INFO">${color} = teal</msg>
<var>${color}</var>
<arg>teal</arg>
<doc>Returns the given values which can then be assigned to a variables.</doc>
<status status="PASS" start="2025-07-01T16:32:00.838215" elapsed="0.000000"/>
</kw>
<kw name="Set Variable" owner="BuiltIn">
<msg time="2025-07-01T16:32:00.838215" level="INFO">${team} = Jaguars</msg>
<var>${team}</var>
<arg>Jaguars</arg>
<doc>Returns the given values which can then be assigned to a variables.</doc>
<status status="PASS" start="2025-07-01T16:32:00.838215" elapsed="0.000000"/>
</kw>
<kw name="Log To Console" owner="BuiltIn">
<arg>My name is ${name}. My favorite color is ${color}. My favorite NFL team is the ${team}.</arg>
<doc>Logs the given message to the console.</doc>
<status status="PASS" start="2025-07-01T16:32:00.838215" elapsed="0.000000"/>
</kw>
<kw name="Set Variable" owner="BuiltIn">
<msg time="2025-07-01T16:32:00.838215" level="INFO">${name} = Lisa</msg>
<var>${name}</var>
<arg>Lisa</arg>
<doc>Returns the given values which can then be assigned to a variables.</doc>
<status status="PASS" start="2025-07-01T16:32:00.838215" elapsed="0.000000"/>
</kw>
<kw name="Set Variable" owner="BuiltIn">
<msg time="2025-07-01T16:32:00.838215" level="INFO">${color} = Orange</msg>
<var>${color}</var>
<arg>Orange</arg>
<doc>Returns the given values which can then be assigned to a variables.</doc>
<status status="PASS" start="2025-07-01T16:32:00.838215" elapsed="0.000000"/>
</kw>
<kw name="Set Variable" owner="BuiltIn">
<msg time="2025-07-01T16:32:00.841896" level="INFO">${team} = Bengals</msg>
<var>${team}</var>
<arg>Bengals</arg>
<doc>Returns the given values which can then be assigned to a variables.</doc>
<status status="PASS" start="2025-07-01T16:32:00.841896" elapsed="0.000000"/>
</kw>
<kw name="Log To Console" owner="BuiltIn">
<arg>My name is ${name}. My favorite color is ${color}. My favorite NFL team is the ${team}.</arg>
<doc>Logs the given message to the console.</doc>
<status status="PASS" start="2025-07-01T16:32:00.842981" elapsed="0.000456"/>
</kw>
<kw name="Set Variable" owner="BuiltIn">
<msg time="2025-07-01T16:32:00.845325" level="INFO">${name} = Fred</msg>
<var>${name}</var>
<arg>Fred</arg>
<doc>Returns the given values which can then be assigned to a variables.</doc>
<status status="PASS" start="2025-07-01T16:32:00.844593" elapsed="0.000732"/>
</kw>
<kw name="Set Variable" owner="BuiltIn">
<msg time="2025-07-01T16:32:00.845325" level="INFO">${color} = Green</msg>
<var>${color}</var>
<arg>Green</arg>
<doc>Returns the given values which can then be assigned to a variables.</doc>
<status status="PASS" start="2025-07-01T16:32:00.845325" elapsed="0.000000"/>
</kw>
<kw name="Set Variable" owner="BuiltIn">
<msg time="2025-07-01T16:32:00.845325" level="INFO">${team} = Dolphins</msg>
<var>${team}</var>
<arg>Dolphins</arg>
<doc>Returns the given values which can then be assigned to a variables.</doc>
<status status="PASS" start="2025-07-01T16:32:00.845325" elapsed="0.000000"/>
</kw>
<kw name="Log To Console" owner="BuiltIn">
<arg>My name is ${name}. My favorite color is ${color}. My favorite NFL team is the ${team}.</arg>
<doc>Logs the given message to the console.</doc>
<status status="PASS" start="2025-07-01T16:32:00.845325" elapsed="0.000000"/>
</kw>
<status status="PASS" start="2025-07-01T16:32:00.834967" elapsed="0.010358"/>
</test>
<status status="PASS" start="2025-07-01T16:32:00.791732" elapsed="0.053593"/>
</suite>
<statistics>
<total>
<stat pass="1" fail="0" skip="0">All Tests</stat>
</total>
<tag>
</tag>
<suite>
<stat name="inlineExample" id="s1" pass="1" fail="0" skip="0">inlineExample</stat>
</suite>
</statistics>
<errors>
</errors>
</robot>
